<?xml version="1.0" encoding="UTF-8"?>
<!-- Generated by org.testng.reporters.JUnitReportReporter -->
<testsuite skipped="0" hostname="DESKTOP-NSJC8PD" name="com.crm.qa.testcases.LoginPageTest" tests="2" failures="0" timestamp="2020-02-28T23:11:05 IST" time="34.933" errors="0">
  <testcase name="Login" time="19.153" classname="com.crm.qa.testcases.LoginPageTest"/>
  <system-out/>
  <testcase name="LoginPageTitle" time="15.780" classname="com.crm.qa.testcases.LoginPageTest"/>
  <system-out/>
</testsuite> <!-- com.crm.qa.testcases.LoginPageTest -->
