<?xml version="1.0" encoding="UTF-8"?>
<!-- Generated by org.testng.reporters.JUnitReportReporter -->
<testsuite skipped="0" hostname="DESKTOP-NSJC8PD" name="com.crm.qa.testcases.HomePageTest" tests="4" failures="0" timestamp="2020-02-28T23:11:05 IST" time="82.457" errors="0">
  <testcase name="VerifyUserNameTest" time="20.645" classname="com.crm.qa.testcases.HomePageTest"/>
  <system-out/>
  <testcase name="VerifyUserLabel" time="23.547" classname="com.crm.qa.testcases.HomePageTest"/>
  <system-out/>
  <testcase name="validateTitleTest" time="17.228" classname="com.crm.qa.testcases.HomePageTest"/>
  <system-out/>
  <testcase name="clickContacts" time="21.037" classname="com.crm.qa.testcases.HomePageTest"/>
  <system-out/>
</testsuite> <!-- com.crm.qa.testcases.HomePageTest -->
