<?xml version="1.0" encoding="UTF-8"?>
<!-- Generated by org.testng.reporters.JUnitReportReporter -->
<testsuite skipped="0" hostname="DESKTOP-NSJC8PD" name="com.crm.qa.testcases.ContactsPageTest" tests="1" failures="0" timestamp="2020-03-01T09:39:37 IST" time="23.031" errors="0">
  <testcase name="NewContactTest" time="23.031" classname="com.crm.qa.testcases.ContactsPageTest"/>
  <system-out/>
</testsuite> <!-- com.crm.qa.testcases.ContactsPageTest -->
