<?xml version="1.0" encoding="UTF-8"?>
<!-- Generated by org.testng.reporters.JUnitReportReporter -->
<testsuite skipped="0" hostname="DESKTOP-NSJC8PD" name="com.crm.qa.testcases.HomePageTest" tests="4" failures="0" timestamp="2020-03-01T09:39:37 IST" time="71.680" errors="0">
  <testcase name="validateTitleTest" time="14.338" classname="com.crm.qa.testcases.HomePageTest"/>
  <system-out/>
  <testcase name="VerifyUserNameTest" time="17.977" classname="com.crm.qa.testcases.HomePageTest"/>
  <system-out/>
  <testcase name="VerifyUserLabel" time="19.919" classname="com.crm.qa.testcases.HomePageTest"/>
  <system-out/>
  <testcase name="clickContacts" time="19.446" classname="com.crm.qa.testcases.HomePageTest"/>
  <system-out/>
</testsuite> <!-- com.crm.qa.testcases.HomePageTest -->
